=====================================
Timestamp  : 2026-05-31 15:48:05
EventType  : CREATE_TABLE
Object     : Stephen_PC.DWH_PRESENTATION.dbo.customers
ChangedBy  : Stephen_PC\resga
File       : customers_20260531_154805.sql
=====================================
=====================================
Timestamp  : 2026-05-31 15:48:05
EventType  : CREATE_TABLE
Object     : Stephen_PC.DWH_PRESENTATION.dbo.customers
ChangedBy  : Stephen_PC\resga
File       : customers_20260531_154805.sql
=====================================
=====================================
Timestamp  : 2026-05-31 15:48:05
EventType  : CREATE_TABLE
Object     : Stephen_PC.DWH_PRESENTATION.dbo.customers
ChangedBy  : Stephen_PC\resga
File       : customers_20260531_154805.sql
=====================================
=====================================
Timestamp  : 2026-05-31 15:48:05
EventType  : CREATE_TABLE
Object     : Stephen_PC.DWH_PRESENTATION.dbo.customers
ChangedBy  : Stephen_PC\resga
File       : customers_20260531_154805.sql
=====================================
=====================================
Timestamp  : 2026-05-31 15:48:05
EventType  : CREATE_TABLE
Object     : Stephen_PC.DWH_PRESENTATION.dbo.customers
ChangedBy  : Stephen_PC\resga
File       : customers_20260531_154805.sql
=====================================
